{"/app/src/config.js": {"path":"/app/src/config.js","statementMap":{"0":{"start":{"line":2,"column":17},"end":{"line":8,"column":1}},"1":{"start":{"line":10,"column":0},"end":{"line":14,"column":3}},"2":{"start":{"line":11,"column":2},"end":{"line":13,"column":3}},"3":{"start":{"line":12,"column":4},"end":{"line":12,"column":65}},"4":{"start":{"line":16,"column":15},"end":{"line":18,"column":1}},"5":{"start":{"line":20,"column":21},"end":{"line":25,"column":1}},"6":{"start":{"line":27,"column":0},"end":{"line":27,"column":41}}},"fnMap":{"0":{"name":"(anonymous_0)","decl":{"start":{"line":10,"column":17},"end":{"line":10,"column":18}},"loc":{"start":{"line":10,"column":26},"end":{"line":14,"column":1}},"line":10}},"branchMap":{"0":{"loc":{"start":{"line":11,"column":2},"end":{"line":13,"column":3}},"type":"if","locations":[{"start":{"line":11,"column":2},"end":{"line":13,"column":3}},{"start":{"line":11,"column":2},"end":{"line":13,"column":3}}],"line":11}},"s":{"0":1,"1":1,"2":5,"3":0,"4":1,"5":1,"6":1},"f":{"0":5},"b":{"0":[0,5]},"_coverageSchema":"43e27e138ebf9cfc5966b082cf9a028302ed4184","hash":"15903952f06ec6271bf7e8c87ca253babb98d232"}
,"/app/src/dao/products.dao.js": {"path":"/app/src/dao/products.dao.js","statementMap":{"0":{"start":{"line":1,"column":18},"end":{"line":1,"column":60}},"1":{"start":{"line":8,"column":8},"end":{"line":8,"column":41}},"2":{"start":{"line":9,"column":20},"end":{"line":9,"column":96}},"3":{"start":{"line":10,"column":8},"end":{"line":10,"column":31}},"4":{"start":{"line":14,"column":20},"end":{"line":14,"column":105}},"5":{"start":{"line":15,"column":8},"end":{"line":15,"column":36}},"6":{"start":{"line":19,"column":20},"end":{"line":19,"column":111}},"7":{"start":{"line":20,"column":8},"end":{"line":20,"column":74}},"8":{"start":{"line":24,"column":20},"end":{"line":24,"column":55}},"9":{"start":{"line":25,"column":8},"end":{"line":25,"column":31}},"10":{"start":{"line":28,"column":0},"end":{"line":28,"column":28}}},"fnMap":{"0":{"name":"(anonymous_0)","decl":{"start":{"line":4,"column":4},"end":{"line":4,"column":5}},"loc":{"start":{"line":4,"column":20},"end":{"line":6,"column":5}},"line":4},"1":{"name":"(anonymous_1)","decl":{"start":{"line":7,"column":4},"end":{"line":7,"column":5}},"loc":{"start":{"line":7,"column":19},"end":{"line":11,"column":5}},"line":7},"2":{"name":"(anonymous_2)","decl":{"start":{"line":13,"column":4},"end":{"line":13,"column":5}},"loc":{"start":{"line":13,"column":26},"end":{"line":16,"column":5}},"line":13},"3":{"name":"(anonymous_3)","decl":{"start":{"line":18,"column":4},"end":{"line":18,"column":5}},"loc":{"start":{"line":18,"column":61},"end":{"line":21,"column":5}},"line":18},"4":{"name":"(anonymous_4)","decl":{"start":{"line":23,"column":4},"end":{"line":23,"column":5}},"loc":{"start":{"line":23,"column":22},"end":{"line":26,"column":5}},"line":23}},"branchMap":{},"s":{"0":1,"1":0,"2":0,"3":0,"4":0,"5":0,"6":0,"7":0,"8":0,"9":0,"10":1},"f":{"0":0,"1":0,"2":0,"3":0,"4":0},"b":{},"_coverageSchema":"43e27e138ebf9cfc5966b082cf9a028302ed4184","hash":"b040051fbabdce79671d17c7311bf37cc0a1cb9e"}
,"/app/src/repositories/main.repository.js": {"path":"/app/src/repositories/main.repository.js","statementMap":{"0":{"start":{"line":1,"column":24},"end":{"line":1,"column":53}},"1":{"start":{"line":2,"column":25},"end":{"line":2,"column":45}},"2":{"start":{"line":4,"column":11},"end":{"line":4,"column":15}},"3":{"start":{"line":9,"column":16},"end":{"line":14,"column":1}},"4":{"start":{"line":10,"column":39},"end":{"line":10,"column":51}},"5":{"start":{"line":12,"column":4},"end":{"line":12,"column":55}},"6":{"start":{"line":13,"column":4},"end":{"line":13,"column":19}},"7":{"start":{"line":19,"column":19},"end":{"line":19,"column":42}},"8":{"start":{"line":19,"column":25},"end":{"line":19,"column":42}},"9":{"start":{"line":26,"column":14},"end":{"line":26,"column":58}},"10":{"start":{"line":26,"column":33},"end":{"line":26,"column":58}},"11":{"start":{"line":27,"column":17},"end":{"line":27,"column":58}},"12":{"start":{"line":27,"column":33},"end":{"line":27,"column":58}},"13":{"start":{"line":29,"column":0},"end":{"line":29,"column":58}}},"fnMap":{"0":{"name":"(anonymous_0)","decl":{"start":{"line":9,"column":16},"end":{"line":9,"column":17}},"loc":{"start":{"line":9,"column":22},"end":{"line":14,"column":1}},"line":9},"1":{"name":"(anonymous_1)","decl":{"start":{"line":19,"column":19},"end":{"line":19,"column":20}},"loc":{"start":{"line":19,"column":25},"end":{"line":19,"column":42}},"line":19},"2":{"name":"(anonymous_2)","decl":{"start":{"line":26,"column":14},"end":{"line":26,"column":15}},"loc":{"start":{"line":26,"column":33},"end":{"line":26,"column":58}},"line":26},"3":{"name":"(anonymous_3)","decl":{"start":{"line":27,"column":17},"end":{"line":27,"column":18}},"loc":{"start":{"line":27,"column":33},"end":{"line":27,"column":58}},"line":27}},"branchMap":{},"s":{"0":1,"1":1,"2":1,"3":1,"4":0,"5":0,"6":0,"7":1,"8":0,"9":1,"10":0,"11":1,"12":0,"13":1},"f":{"0":0,"1":0,"2":0,"3":0},"b":{},"_coverageSchema":"43e27e138ebf9cfc5966b082cf9a028302ed4184","hash":"96ebe85abaa98d9a8350bc2c6c0b1140ddbf9012"}
,"/app/src/repositories/mysql.repository.js": {"path":"/app/src/repositories/mysql.repository.js","statementMap":{"0":{"start":{"line":1,"column":13},"end":{"line":1,"column":28}},"1":{"start":{"line":2,"column":14},"end":{"line":2,"column":30}},"2":{"start":{"line":3,"column":12},"end":{"line":3,"column":29}},"3":{"start":{"line":7,"column":4},"end":{"line":7,"column":21}},"4":{"start":{"line":8,"column":4},"end":{"line":8,"column":21}},"5":{"start":{"line":9,"column":4},"end":{"line":9,"column":21}},"6":{"start":{"line":10,"column":4},"end":{"line":10,"column":21}},"7":{"start":{"line":11,"column":4},"end":{"line":11,"column":21}},"8":{"start":{"line":15,"column":4},"end":{"line":21,"column":7}},"9":{"start":{"line":24,"column":4},"end":{"line":39,"column":7}},"10":{"start":{"line":25,"column":6},"end":{"line":36,"column":7}},"11":{"start":{"line":26,"column":8},"end":{"line":34,"column":9}},"12":{"start":{"line":27,"column":10},"end":{"line":27,"column":59}},"13":{"start":{"line":28,"column":15},"end":{"line":34,"column":9}},"14":{"start":{"line":29,"column":10},"end":{"line":29,"column":62}},"15":{"start":{"line":30,"column":15},"end":{"line":34,"column":9}},"16":{"start":{"line":31,"column":10},"end":{"line":31,"column":60}},"17":{"start":{"line":33,"column":10},"end":{"line":33,"column":29}},"18":{"start":{"line":35,"column":8},"end":{"line":35,"column":18}},"19":{"start":{"line":37,"column":6},"end":{"line":37,"column":43}},"20":{"start":{"line":37,"column":22},"end":{"line":37,"column":43}},"21":{"start":{"line":38,"column":6},"end":{"line":38,"column":13}},"22":{"start":{"line":42,"column":4},"end":{"line":42,"column":54}},"23":{"start":{"line":49,"column":4},"end":{"line":56,"column":7}},"24":{"start":{"line":50,"column":6},"end":{"line":55,"column":9}},"25":{"start":{"line":51,"column":8},"end":{"line":53,"column":9}},"26":{"start":{"line":52,"column":10},"end":{"line":52,"column":22}},"27":{"start":{"line":54,"column":8},"end":{"line":54,"column":18}},"28":{"start":{"line":65,"column":15},"end":{"line":65,"column":25}},"29":{"start":{"line":66,"column":4},"end":{"line":68,"column":6}},"30":{"start":{"line":69,"column":4},"end":{"line":69,"column":21}},"31":{"start":{"line":70,"column":4},"end":{"line":82,"column":5}},"32":{"start":{"line":72,"column":21},"end":{"line":72,"column":57}},"33":{"start":{"line":73,"column":6},"end":{"line":73,"column":70}},"34":{"start":{"line":74,"column":6},"end":{"line":74,"column":26}},"35":{"start":{"line":75,"column":6},"end":{"line":75,"column":20}},"36":{"start":{"line":77,"column":6},"end":{"line":79,"column":8}},"37":{"start":{"line":80,"column":6},"end":{"line":80,"column":26}},"38":{"start":{"line":81,"column":6},"end":{"line":81,"column":18}},"39":{"start":{"line":86,"column":4},"end":{"line":86,"column":42}},"40":{"start":{"line":90,"column":0},"end":{"line":90,"column":33}}},"fnMap":{"0":{"name":"(anonymous_0)","decl":{"start":{"line":6,"column":2},"end":{"line":6,"column":3}},"loc":{"start":{"line":6,"column":38},"end":{"line":12,"column":3}},"line":6},"1":{"name":"(anonymous_1)","decl":{"start":{"line":14,"column":2},"end":{"line":14,"column":3}},"loc":{"start":{"line":14,"column":12},"end":{"line":43,"column":3}},"line":14},"2":{"name":"(anonymous_2)","decl":{"start":{"line":24,"column":28},"end":{"line":24,"column":29}},"loc":{"start":{"line":24,"column":49},"end":{"line":39,"column":5}},"line":24},"3":{"name":"(anonymous_3)","decl":{"start":{"line":48,"column":2},"end":{"line":48,"column":3}},"loc":{"start":{"line":48,"column":15},"end":{"line":57,"column":3}},"line":48},"4":{"name":"(anonymous_4)","decl":{"start":{"line":49,"column":23},"end":{"line":49,"column":24}},"loc":{"start":{"line":49,"column":44},"end":{"line":56,"column":5}},"line":49},"5":{"name":"(anonymous_5)","decl":{"start":{"line":50,"column":20},"end":{"line":50,"column":21}},"loc":{"start":{"line":50,"column":27},"end":{"line":55,"column":7}},"line":50},"6":{"name":"(anonymous_6)","decl":{"start":{"line":64,"column":2},"end":{"line":64,"column":3}},"loc":{"start":{"line":64,"column":29},"end":{"line":83,"column":3}},"line":64},"7":{"name":"(anonymous_7)","decl":{"start":{"line":85,"column":2},"end":{"line":85,"column":3}},"loc":{"start":{"line":85,"column":23},"end":{"line":87,"column":3}},"line":85}},"branchMap":{"0":{"loc":{"start":{"line":25,"column":6},"end":{"line":36,"column":7}},"type":"if","locations":[{"start":{"line":25,"column":6},"end":{"line":36,"column":7}},{"start":{"line":25,"column":6},"end":{"line":36,"column":7}}],"line":25},"1":{"loc":{"start":{"line":26,"column":8},"end":{"line":34,"column":9}},"type":"if","locations":[{"start":{"line":26,"column":8},"end":{"line":34,"column":9}},{"start":{"line":26,"column":8},"end":{"line":34,"column":9}}],"line":26},"2":{"loc":{"start":{"line":28,"column":15},"end":{"line":34,"column":9}},"type":"if","locations":[{"start":{"line":28,"column":15},"end":{"line":34,"column":9}},{"start":{"line":28,"column":15},"end":{"line":34,"column":9}}],"line":28},"3":{"loc":{"start":{"line":30,"column":15},"end":{"line":34,"column":9}},"type":"if","locations":[{"start":{"line":30,"column":15},"end":{"line":34,"column":9}},{"start":{"line":30,"column":15},"end":{"line":34,"column":9}}],"line":30},"4":{"loc":{"start":{"line":37,"column":6},"end":{"line":37,"column":43}},"type":"if","locations":[{"start":{"line":37,"column":6},"end":{"line":37,"column":43}},{"start":{"line":37,"column":6},"end":{"line":37,"column":43}}],"line":37},"5":{"loc":{"start":{"line":51,"column":8},"end":{"line":53,"column":9}},"type":"if","locations":[{"start":{"line":51,"column":8},"end":{"line":53,"column":9}},{"start":{"line":51,"column":8},"end":{"line":53,"column":9}}],"line":51}},"s":{"0":1,"1":1,"2":1,"3":0,"4":0,"5":0,"6":0,"7":0,"8":0,"9":0,"10":0,"11":0,"12":0,"13":0,"14":0,"15":0,"16":0,"17":0,"18":0,"19":0,"20":0,"21":0,"22":0,"23":0,"24":0,"25":0,"26":0,"27":0,"28":0,"29":0,"30":0,"31":0,"32":0,"33":0,"34":0,"35":0,"36":0,"37":0,"38":0,"39":0,"40":1},"f":{"0":0,"1":0,"2":0,"3":0,"4":0,"5":0,"6":0,"7":0},"b":{"0":[0,0],"1":[0,0],"2":[0,0],"3":[0,0],"4":[0,0],"5":[0,0]},"_coverageSchema":"43e27e138ebf9cfc5966b082cf9a028302ed4184","hash":"8eca3d09b744692d043022b81d46ec785881da05"}
,"/app/src/services/prodcuts.service.js": {"path":"/app/src/services/prodcuts.service.js","statementMap":{"0":{"start":{"line":1,"column":20},"end":{"line":1,"column":50}},"1":{"start":{"line":5,"column":22},"end":{"line":5,"column":41}},"2":{"start":{"line":6,"column":7},"end":{"line":6,"column":35}},"3":{"start":{"line":7,"column":7},"end":{"line":12,"column":5}},"4":{"start":{"line":8,"column":8},"end":{"line":11,"column":9}},"5":{"start":{"line":13,"column":8},"end":{"line":13,"column":34}},"6":{"start":{"line":17,"column":25},"end":{"line":17,"column":67}},"7":{"start":{"line":18,"column":8},"end":{"line":18,"column":41}},"8":{"start":{"line":22,"column":23},"end":{"line":22,"column":42}},"9":{"start":{"line":23,"column":8},"end":{"line":28,"column":9}},"10":{"start":{"line":24,"column":12},"end":{"line":27,"column":13}},"11":{"start":{"line":29,"column":8},"end":{"line":29,"column":76}},"12":{"start":{"line":33,"column":23},"end":{"line":33,"column":42}},"13":{"start":{"line":34,"column":8},"end":{"line":39,"column":9}},"14":{"start":{"line":35,"column":12},"end":{"line":38,"column":13}},"15":{"start":{"line":40,"column":8},"end":{"line":40,"column":37}},"16":{"start":{"line":43,"column":0},"end":{"line":43,"column":32}}},"fnMap":{"0":{"name":"(anonymous_0)","decl":{"start":{"line":4,"column":4},"end":{"line":4,"column":5}},"loc":{"start":{"line":4,"column":18},"end":{"line":14,"column":5}},"line":4},"1":{"name":"(anonymous_1)","decl":{"start":{"line":16,"column":4},"end":{"line":16,"column":5}},"loc":{"start":{"line":16,"column":58},"end":{"line":19,"column":5}},"line":16},"2":{"name":"(anonymous_2)","decl":{"start":{"line":21,"column":4},"end":{"line":21,"column":5}},"loc":{"start":{"line":21,"column":60},"end":{"line":30,"column":5}},"line":21},"3":{"name":"(anonymous_3)","decl":{"start":{"line":32,"column":4},"end":{"line":32,"column":5}},"loc":{"start":{"line":32,"column":22},"end":{"line":41,"column":5}},"line":32}},"branchMap":{"0":{"loc":{"start":{"line":7,"column":7},"end":{"line":12,"column":5}},"type":"if","locations":[{"start":{"line":7,"column":7},"end":{"line":12,"column":5}},{"start":{"line":7,"column":7},"end":{"line":12,"column":5}}],"line":7},"1":{"loc":{"start":{"line":23,"column":8},"end":{"line":28,"column":9}},"type":"if","locations":[{"start":{"line":23,"column":8},"end":{"line":28,"column":9}},{"start":{"line":23,"column":8},"end":{"line":28,"column":9}}],"line":23},"2":{"loc":{"start":{"line":34,"column":8},"end":{"line":39,"column":9}},"type":"if","locations":[{"start":{"line":34,"column":8},"end":{"line":39,"column":9}},{"start":{"line":34,"column":8},"end":{"line":39,"column":9}}],"line":34}},"s":{"0":1,"1":1,"2":1,"3":1,"4":1,"5":0,"6":0,"7":0,"8":2,"9":2,"10":1,"11":1,"12":2,"13":2,"14":1,"15":1,"16":1},"f":{"0":1,"1":0,"2":2,"3":2},"b":{"0":[1,0],"1":[1,1],"2":[1,1]},"_coverageSchema":"43e27e138ebf9cfc5966b082cf9a028302ed4184","hash":"7668fdeeb2c2178cd1fc3e261fa2142e9a8d4e36"}
}
